<?xml version="1.0" encoding="UTF-8"?>
<coverage generated="1767144374901" clover="3.2.0">
  <project timestamp="1767144374901" name="All files">
    <metrics statements="31" coveredstatements="30" conditionals="7" coveredconditionals="6" methods="11" coveredmethods="10" elements="49" coveredelements="46" complexity="0" loc="31" ncloc="31" packages="3" files="4" classes="4"/>
    <package name="src">
      <metrics statements="12" coveredstatements="12" conditionals="2" coveredconditionals="1" methods="3" coveredmethods="3"/>
      <file name="FirstStepsApp.tsx" path="C:\Users\Ellhf\Desktop\react\02-first-steps\src\FirstStepsApp.tsx">
        <metrics statements="4" coveredstatements="4" conditionals="0" coveredconditionals="0" methods="2" coveredmethods="2"/>
        <line num="8" count="1" type="stmt"/>
        <line num="16" count="1" type="stmt"/>
        <line num="18" count="2" type="stmt"/>
        <line num="23" count="6" type="stmt"/>
      </file>
      <file name="MyAwesomeApp.tsx" path="C:\Users\Ellhf\Desktop\react\02-first-steps\src\MyAwesomeApp.tsx">
        <metrics statements="8" coveredstatements="8" conditionals="2" coveredconditionals="1" methods="1" coveredmethods="1"/>
        <line num="3" count="1" type="stmt"/>
        <line num="4" count="1" type="stmt"/>
        <line num="6" count="1" type="stmt"/>
        <line num="7" count="1" type="stmt"/>
        <line num="9" count="1" type="stmt"/>
        <line num="14" count="1" type="stmt"/>
        <line num="20" count="1" type="stmt"/>
        <line num="21" count="4" type="stmt"/>
      </file>
    </package>
    <package name="src.helpers">
      <metrics statements="8" coveredstatements="8" conditionals="0" coveredconditionals="0" methods="4" coveredmethods="4"/>
      <file name="math.helper.ts" path="C:\Users\Ellhf\Desktop\react\02-first-steps\src\helpers\math.helper.ts">
        <metrics statements="8" coveredstatements="8" conditionals="0" coveredconditionals="0" methods="4" coveredmethods="4"/>
        <line num="3" count="1" type="stmt"/>
        <line num="5" count="2" type="stmt"/>
        <line num="8" count="1" type="stmt"/>
        <line num="9" count="2" type="stmt"/>
        <line num="12" count="1" type="stmt"/>
        <line num="13" count="2" type="stmt"/>
        <line num="16" count="1" type="stmt"/>
        <line num="17" count="1" type="stmt"/>
      </file>
    </package>
    <package name="src.shopping-cart">
      <metrics statements="11" coveredstatements="10" conditionals="5" coveredconditionals="5" methods="4" coveredmethods="3"/>
      <file name="ItemCounter.tsx" path="C:\Users\Ellhf\Desktop\react\02-first-steps\src\shopping-cart\ItemCounter.tsx">
        <metrics statements="11" coveredstatements="10" conditionals="5" coveredconditionals="5" methods="4" coveredmethods="3"/>
        <line num="13" count="2" type="cond" truecount="1" falsecount="0"/>
        <line num="15" count="15" type="stmt"/>
        <line num="17" count="15" type="stmt"/>
        <line num="18" count="1" type="stmt"/>
        <line num="21" count="15" type="stmt"/>
        <line num="22" count="2" type="cond" truecount="2" falsecount="0"/>
        <line num="23" count="1" type="stmt"/>
        <line num="25" count="1" type="stmt"/>
        <line num="30" count="15" type="stmt"/>
        <line num="31" count="0" type="stmt"/>
        <line num="33" count="15" type="stmt"/>
      </file>
    </package>
  </project>
</coverage>
