{"C:\\Users\\Ellhf\\Desktop\\react\\02-first-steps\\src\\FirstStepsApp.tsx": {"path":"C:\\Users\\Ellhf\\Desktop\\react\\02-first-steps\\src\\FirstStepsApp.tsx","statementMap":{"0":{"start":{"line":8,"column":33},"end":{"line":13,"column":null}},"1":{"start":{"line":16,"column":29},"end":{"line":34,"column":null}},"2":{"start":{"line":18,"column":4},"end":{"line":24,"column":51}},"3":{"start":{"line":23,"column":57},"end":{"line":24,"column":51}}},"fnMap":{"0":{"name":"(anonymous_0)","decl":{"start":{"line":16,"column":29},"end":{"line":16,"column":null}},"loc":{"start":{"line":16,"column":29},"end":{"line":34,"column":null}},"line":16},"1":{"name":"(anonymous_1)","decl":{"start":{"line":23,"column":31},"end":{"line":23,"column":32}},"loc":{"start":{"line":23,"column":57},"end":{"line":24,"column":51}},"line":23}},"branchMap":{},"s":{"0":1,"1":1,"2":2,"3":6},"f":{"0":2,"1":6},"b":{},"meta":{"lastBranch":0,"lastFunction":2,"lastStatement":4,"seen":{"s:8:33:13:Infinity":0,"s:16:29:34:Infinity":1,"f:16:29:16:Infinity":0,"s:18:4:24:51":2,"f:23:31:23:32":1,"s:23:57:24:51":3}}}
,"C:\\Users\\Ellhf\\Desktop\\react\\02-first-steps\\src\\MyAwesomeApp.tsx": {"path":"C:\\Users\\Ellhf\\Desktop\\react\\02-first-steps\\src\\MyAwesomeApp.tsx","statementMap":{"0":{"start":{"line":3,"column":18},"end":{"line":3,"column":null}},"1":{"start":{"line":4,"column":17},"end":{"line":4,"column":null}},"2":{"start":{"line":6,"column":22},"end":{"line":6,"column":null}},"3":{"start":{"line":7,"column":17},"end":{"line":7,"column":null}},"4":{"start":{"line":9,"column":16},"end":{"line":12,"column":null}},"5":{"start":{"line":14,"column":30},"end":{"line":19,"column":null}},"6":{"start":{"line":20,"column":28},"end":{"line":36,"column":2}},"7":{"start":{"line":21,"column":4},"end":{"line":32,"column":null}}},"fnMap":{"0":{"name":"(anonymous_0)","decl":{"start":{"line":20,"column":28},"end":{"line":20,"column":null}},"loc":{"start":{"line":20,"column":28},"end":{"line":36,"column":2}},"line":20}},"branchMap":{"0":{"loc":{"start":{"line":29,"column":14},"end":{"line":29,"column":null}},"type":"cond-expr","locations":[{"start":{"line":29,"column":25},"end":{"line":29,"column":36}},{"start":{"line":29,"column":36},"end":{"line":29,"column":null}}],"line":29}},"s":{"0":1,"1":1,"2":1,"3":1,"4":1,"5":1,"6":1,"7":4},"f":{"0":4},"b":{"0":[0,4]},"meta":{"lastBranch":1,"lastFunction":1,"lastStatement":8,"seen":{"s:3:18:3:Infinity":0,"s:4:17:4:Infinity":1,"s:6:22:6:Infinity":2,"s:7:17:7:Infinity":3,"s:9:16:12:Infinity":4,"s:14:30:19:Infinity":5,"s:20:28:36:2":6,"f:20:28:20:Infinity":0,"s:21:4:32:Infinity":7,"b:29:25:29:36:29:36:29:Infinity":0}}}
,"C:\\Users\\Ellhf\\Desktop\\react\\02-first-steps\\src\\helpers\\math.helper.ts": {"path":"C:\\Users\\Ellhf\\Desktop\\react\\02-first-steps\\src\\helpers\\math.helper.ts","statementMap":{"0":{"start":{"line":3,"column":19},"end":{"line":6,"column":null}},"1":{"start":{"line":5,"column":4},"end":{"line":5,"column":null}},"2":{"start":{"line":8,"column":24},"end":{"line":10,"column":null}},"3":{"start":{"line":9,"column":4},"end":{"line":9,"column":null}},"4":{"start":{"line":12,"column":23},"end":{"line":14,"column":null}},"5":{"start":{"line":13,"column":4},"end":{"line":13,"column":null}},"6":{"start":{"line":16,"column":22},"end":{"line":18,"column":null}},"7":{"start":{"line":17,"column":4},"end":{"line":17,"column":null}}},"fnMap":{"0":{"name":"(anonymous_0)","decl":{"start":{"line":3,"column":19},"end":{"line":3,"column":20}},"loc":{"start":{"line":3,"column":31},"end":{"line":6,"column":null}},"line":3},"1":{"name":"(anonymous_1)","decl":{"start":{"line":8,"column":24},"end":{"line":8,"column":25}},"loc":{"start":{"line":8,"column":36},"end":{"line":10,"column":null}},"line":8},"2":{"name":"(anonymous_2)","decl":{"start":{"line":12,"column":23},"end":{"line":12,"column":24}},"loc":{"start":{"line":12,"column":35},"end":{"line":14,"column":null}},"line":12},"3":{"name":"(anonymous_3)","decl":{"start":{"line":16,"column":22},"end":{"line":16,"column":23}},"loc":{"start":{"line":16,"column":34},"end":{"line":18,"column":null}},"line":16}},"branchMap":{},"s":{"0":1,"1":2,"2":1,"3":2,"4":1,"5":2,"6":1,"7":1},"f":{"0":2,"1":2,"2":2,"3":1},"b":{},"meta":{"lastBranch":0,"lastFunction":4,"lastStatement":8,"seen":{"s:3:19:6:Infinity":0,"f:3:19:3:20":0,"s:5:4:5:Infinity":1,"s:8:24:10:Infinity":2,"f:8:24:8:25":1,"s:9:4:9:Infinity":3,"s:12:23:14:Infinity":4,"f:12:23:12:24":2,"s:13:4:13:Infinity":5,"s:16:22:18:Infinity":6,"f:16:22:16:23":3,"s:17:4:17:Infinity":7}}}
,"C:\\Users\\Ellhf\\Desktop\\react\\02-first-steps\\src\\shopping-cart\\ItemCounter.tsx": {"path":"C:\\Users\\Ellhf\\Desktop\\react\\02-first-steps\\src\\shopping-cart\\ItemCounter.tsx","statementMap":{"0":{"start":{"line":13,"column":27},"end":{"line":59,"column":null}},"1":{"start":{"line":15,"column":27},"end":{"line":15,"column":null}},"2":{"start":{"line":17,"column":22},"end":{"line":19,"column":null}},"3":{"start":{"line":18,"column":8},"end":{"line":18,"column":null}},"4":{"start":{"line":21,"column":27},"end":{"line":26,"column":null}},"5":{"start":{"line":22,"column":8},"end":{"line":24,"column":null}},"6":{"start":{"line":23,"column":12},"end":{"line":23,"column":null}},"7":{"start":{"line":25,"column":8},"end":{"line":25,"column":null}},"8":{"start":{"line":30,"column":24},"end":{"line":32,"column":null}},"9":{"start":{"line":31,"column":8},"end":{"line":31,"column":null}},"10":{"start":{"line":33,"column":4},"end":{"line":56,"column":null}}},"fnMap":{"0":{"name":"(anonymous_0)","decl":{"start":{"line":13,"column":27},"end":{"line":13,"column":28}},"loc":{"start":{"line":13,"column":57},"end":{"line":59,"column":null}},"line":13},"1":{"name":"(anonymous_1)","decl":{"start":{"line":17,"column":22},"end":{"line":17,"column":null}},"loc":{"start":{"line":17,"column":22},"end":{"line":19,"column":null}},"line":17},"2":{"name":"(anonymous_2)","decl":{"start":{"line":21,"column":27},"end":{"line":21,"column":null}},"loc":{"start":{"line":21,"column":27},"end":{"line":26,"column":null}},"line":21},"3":{"name":"(anonymous_3)","decl":{"start":{"line":30,"column":24},"end":{"line":30,"column":null}},"loc":{"start":{"line":30,"column":24},"end":{"line":32,"column":null}},"line":30}},"branchMap":{"0":{"loc":{"start":{"line":13,"column":36},"end":{"line":13,"column":48}},"type":"default-arg","locations":[{"start":{"line":13,"column":47},"end":{"line":13,"column":48}}],"line":13},"1":{"loc":{"start":{"line":22,"column":8},"end":{"line":24,"column":null}},"type":"if","locations":[{"start":{"line":22,"column":8},"end":{"line":24,"column":null}},{"start":{},"end":{}}],"line":22},"2":{"loc":{"start":{"line":46,"column":27},"end":{"line":46,"column":null}},"type":"cond-expr","locations":[{"start":{"line":46,"column":41},"end":{"line":46,"column":49}},{"start":{"line":46,"column":49},"end":{"line":46,"column":null}}],"line":46}},"s":{"0":2,"1":15,"2":15,"3":1,"4":15,"5":2,"6":1,"7":1,"8":15,"9":0,"10":15},"f":{"0":15,"1":1,"2":2,"3":0},"b":{"0":[15],"1":[1,1],"2":[6,9]},"meta":{"lastBranch":3,"lastFunction":4,"lastStatement":11,"seen":{"s:13:27:59:Infinity":0,"f:13:27:13:28":0,"b:13:47:13:48":0,"s:15:27:15:Infinity":1,"s:17:22:19:Infinity":2,"f:17:22:17:Infinity":1,"s:18:8:18:Infinity":3,"s:21:27:26:Infinity":4,"f:21:27:21:Infinity":2,"b:22:8:24:Infinity:undefined:undefined:undefined:undefined":1,"s:22:8:24:Infinity":5,"s:23:12:23:Infinity":6,"s:25:8:25:Infinity":7,"s:30:24:32:Infinity":8,"f:30:24:30:Infinity":3,"s:31:8:31:Infinity":9,"s:33:4:56:Infinity":10,"b:46:41:46:49:46:49:46:Infinity":2}}}
}
